\BOOKMARK [0][-]{chapter*.3}{Introducci\363n}{}% 1
\BOOKMARK [0][-]{chapter.1}{Modelo Est\341ndar y Supersimetr\355a}{}% 2
\BOOKMARK [1][-]{section.1.1}{Modelo Est\341ndar}{chapter.1}% 3
\BOOKMARK [2][-]{subsection.1.1.1}{F\355sica m\341s all\341 del Modelo Est\341ndar}{section.1.1}% 4
\BOOKMARK [2][-]{subsection.1.1.2}{Divergencias cuadr\341ticas}{section.1.1}% 5
\BOOKMARK [1][-]{section.1.2}{Extensi\363n Supersim\351trica del Modelo Est\341ndar}{chapter.1}% 6
\BOOKMARK [2][-]{subsection.1.2.1}{Modelo Est\341ndar Supersim\351trico M\355nimo}{section.1.2}% 7
\BOOKMARK [2][-]{subsection.1.2.2}{El espectro de masas}{section.1.2}% 8
\BOOKMARK [1][-]{section.1.3}{Colisi\363n pp}{chapter.1}% 9
\BOOKMARK [0][-]{chapter.2}{El LHC y el detector ATLAS}{}% 10
\BOOKMARK [1][-]{section.2.1}{El detector ATLAS}{chapter.2}% 11
\BOOKMARK [1][-]{section.2.2}{Sistema de coordenadas}{chapter.2}% 12
\BOOKMARK [1][-]{section.2.3}{Los subdetectores de ATLAS}{chapter.2}% 13
\BOOKMARK [2][-]{subsection.2.3.1}{El detector interno}{section.2.3}% 14
\BOOKMARK [2][-]{subsection.2.3.2}{Calor\355metros}{section.2.3}% 15
\BOOKMARK [2][-]{subsection.2.3.3}{Espectr\363metro de muones}{section.2.3}% 16
\BOOKMARK [1][-]{section.2.4}{Sistema de trigger}{chapter.2}% 17
\BOOKMARK [1][-]{section.2.5}{Modelo computacional y distribuci\363n de datos}{chapter.2}% 18
\BOOKMARK [0][-]{chapter.3}{Reconstrucci\363n e identificaci\363n de objetos f\355sicos}{}% 19
\BOOKMARK [1][-]{section.3.1}{Reconstrucci\363n de electrones y fotones}{chapter.3}% 20
\BOOKMARK [1][-]{section.3.2}{Identificaci\363n de electrones y fotones}{chapter.3}% 21
\BOOKMARK [1][-]{section.3.3}{Criterios de aislamiento}{chapter.3}% 22
\BOOKMARK [1][-]{section.3.4}{Energ\355a faltante}{chapter.3}% 23
\BOOKMARK [0][-]{chapter.4}{Estrategia general de an\341lisis de datos para b\372squeda de nueva f\355sica}{}% 24
\BOOKMARK [1][-]{section.4.1}{Identificaci\363n de eventos de fondo}{chapter.4}% 25
\BOOKMARK [1][-]{section.4.2}{Regiones de se\361al, control y validaci\363n}{chapter.4}% 26
\BOOKMARK [1][-]{section.4.3}{Selecci\363n de eventos}{chapter.4}% 27
\BOOKMARK [0][-]{chapter.5}{Electrones identificados como fotones}{}% 28
\BOOKMARK [1][-]{section.5.1}{Determinaci\363n del factor de identificaci\363n err\363nea}{chapter.5}% 29
\BOOKMARK [1][-]{section.5.2}{Clasificaci\363n de eventos}{chapter.5}% 30
\BOOKMARK [1][-]{section.5.3}{Incertezas sistem\341ticas}{chapter.5}% 31
\BOOKMARK [1][-]{section.5.4}{Resultados y estimaci\363n del fondo en regiones validaci\363n}{chapter.5}% 32
\BOOKMARK [0][-]{chapter.6}{Conclusiones}{}% 33
\BOOKMARK [0][-]{chapter*.45}{Agradecimientos}{}% 34
\BOOKMARK [0][-]{chapter*.46}{Bibliograf\355a}{}% 35
