\BOOKMARK [0][-]{chapter.1}{Modelo Est\341ndar y Supersimetr\355a}{}% 1
\BOOKMARK [1][-]{section.1.1}{Modelo Est\341ndar}{chapter.1}% 2
\BOOKMARK [2][-]{subsection.1.1.1}{F\355sica mas all\341 del Modelo Est\341ndar}{section.1.1}% 3
\BOOKMARK [2][-]{subsection.1.1.2}{Divergencias cuadr\341ticas}{section.1.1}% 4
\BOOKMARK [1][-]{section.1.2}{Extensi\363n Supersim\351trica del Modelo Est\341ndar}{chapter.1}% 5
\BOOKMARK [2][-]{subsection.1.2.1}{Modelo Est\341ndar Supersim\351trico M\355nimo}{section.1.2}% 6
\BOOKMARK [1][-]{section.1.3}{Colisi\363n pp}{chapter.1}% 7
\BOOKMARK [0][-]{chapter.2}{El LHC y el detector ATLAS}{}% 8
\BOOKMARK [1][-]{section.2.1}{El detector ATLAS}{chapter.2}% 9
\BOOKMARK [1][-]{section.2.2}{Sistema de coordenadas}{chapter.2}% 10
\BOOKMARK [1][-]{section.2.3}{Los subdetectores de ATLAS}{chapter.2}% 11
\BOOKMARK [2][-]{subsection.2.3.1}{El detector interno}{section.2.3}% 12
\BOOKMARK [2][-]{subsection.2.3.2}{Calor\355metros}{section.2.3}% 13
\BOOKMARK [2][-]{subsection.2.3.3}{Espectr\363metro de muones \(MS\)}{section.2.3}% 14
\BOOKMARK [1][-]{section.2.4}{Sistema de trigger}{chapter.2}% 15
\BOOKMARK [1][-]{section.2.5}{Modelo computacional y distribuci\363n de datos}{chapter.2}% 16
\BOOKMARK [0][-]{chapter.3}{Reconstrucci\363n e identificaci\363n de objetos f\355sicos}{}% 17
\BOOKMARK [1][-]{section.3.1}{Reconstrucci\363n de electrones y fotones}{chapter.3}% 18
\BOOKMARK [1][-]{section.3.2}{Identificaci\363n de electrones y fotones}{chapter.3}% 19
\BOOKMARK [1][-]{section.3.3}{Criterios de aislamiento}{chapter.3}% 20
\BOOKMARK [1][-]{section.3.4}{Energ\355a faltante}{chapter.3}% 21
\BOOKMARK [0][-]{chapter.4}{Estrategia general del an\341lisis}{}% 22
\BOOKMARK [1][-]{section.4.1}{Identificaci\363n de eventos de fondo}{chapter.4}% 23
\BOOKMARK [1][-]{section.4.2}{Regiones de se\361al, control y validaci\363n}{chapter.4}% 24
\BOOKMARK [1][-]{section.4.3}{Selecci\363n de eventos}{chapter.4}% 25
\BOOKMARK [0][-]{chapter.5}{Electrones identificados como fotones}{}% 26
\BOOKMARK [1][-]{section.5.1}{Medici\363n del factor de identificaci\363n err\363nea}{chapter.5}% 27
\BOOKMARK [2][-]{subsection.5.1.1}{Sistem\341ticos}{section.5.1}% 28
\BOOKMARK [2][-]{subsection.5.1.2}{Resultados y estimaci\363n del fondo en regiones de control y validaci\363n}{section.5.1}% 29
\BOOKMARK [0][-]{chapter.6}{Conclusi\363n}{}% 30
\BOOKMARK [0][-]{chapter*.30}{Bibliografia}{}% 31
